Performing C SOURCE FILE Test CMAKE_HAVE_LIBC_PTHREAD failed with the following output:
Change Dir: /home/pi/Desktop/catkin_ws/src/puppy_follower/build/CMakeFiles/CMakeTmp

Run Build Command(s):/usr/bin/make cmTC_2a00c/fast && /usr/bin/make  -f CMakeFiles/cmTC_2a00c.dir/build.make CMakeFiles/cmTC_2a00c.dir/build
make[1]: 进入目录“/home/pi/Desktop/catkin_ws/src/puppy_follower/build/CMakeFiles/CMakeTmp”
Building C object CMakeFiles/cmTC_2a00c.dir/src.c.o
/usr/bin/cc   -DCMAKE_HAVE_LIBC_PTHREAD -o CMakeFiles/cmTC_2a00c.dir/src.c.o -c /home/pi/Desktop/catkin_ws/src/puppy_follower/build/CMakeFiles/CMakeTmp/src.c
Linking C executable cmTC_2a00c
/usr/bin/cmake -E cmake_link_script CMakeFiles/cmTC_2a00c.dir/link.txt --verbose=1
/usr/bin/cc  -DCMAKE_HAVE_LIBC_PTHREAD -rdynamic CMakeFiles/cmTC_2a00c.dir/src.c.o -o cmTC_2a00c 
/usr/bin/ld: CMakeFiles/cmTC_2a00c.dir/src.c.o: in function `main':
src.c:(.text+0x34): undefined reference to `pthread_create'
/usr/bin/ld: src.c:(.text+0x3c): undefined reference to `pthread_detach'
/usr/bin/ld: src.c:(.text+0x44): undefined reference to `pthread_cancel'
/usr/bin/ld: src.c:(.text+0x50): undefined reference to `pthread_join'
collect2: error: ld returned 1 exit status
make[1]: *** [CMakeFiles/cmTC_2a00c.dir/build.make:106：cmTC_2a00c] 错误 1
make[1]: 离开目录“/home/pi/Desktop/catkin_ws/src/puppy_follower/build/CMakeFiles/CMakeTmp”
make: *** [Makefile:140：cmTC_2a00c/fast] 错误 2


Source file was:
#include <pthread.h>

void* test_func(void* data)
{
  return data;
}

int main(void)
{
  pthread_t thread;
  pthread_create(&thread, NULL, test_func, NULL);
  pthread_detach(thread);
  pthread_cancel(thread);
  pthread_join(thread, NULL);
  pthread_atfork(NULL, NULL, NULL);
  pthread_exit(NULL);

  return 0;
}

Determining if the function pthread_create exists in the pthreads failed with the following output:
Change Dir: /home/pi/Desktop/catkin_ws/src/puppy_follower/build/CMakeFiles/CMakeTmp

Run Build Command(s):/usr/bin/make cmTC_7e328/fast && /usr/bin/make  -f CMakeFiles/cmTC_7e328.dir/build.make CMakeFiles/cmTC_7e328.dir/build
make[1]: 进入目录“/home/pi/Desktop/catkin_ws/src/puppy_follower/build/CMakeFiles/CMakeTmp”
Building C object CMakeFiles/cmTC_7e328.dir/CheckFunctionExists.c.o
/usr/bin/cc   -DCHECK_FUNCTION_EXISTS=pthread_create -o CMakeFiles/cmTC_7e328.dir/CheckFunctionExists.c.o -c /usr/share/cmake-3.18/Modules/CheckFunctionExists.c
Linking C executable cmTC_7e328
/usr/bin/cmake -E cmake_link_script CMakeFiles/cmTC_7e328.dir/link.txt --verbose=1
/usr/bin/cc  -DCHECK_FUNCTION_EXISTS=pthread_create -rdynamic CMakeFiles/cmTC_7e328.dir/CheckFunctionExists.c.o -o cmTC_7e328  -lpthreads 
/usr/bin/ld: 找不到 -lpthreads
collect2: error: ld returned 1 exit status
make[1]: *** [CMakeFiles/cmTC_7e328.dir/build.make:106：cmTC_7e328] 错误 1
make[1]: 离开目录“/home/pi/Desktop/catkin_ws/src/puppy_follower/build/CMakeFiles/CMakeTmp”
make: *** [Makefile:140：cmTC_7e328/fast] 错误 2



